<?xml version="1.0" encoding="utf-8"?><testsuites name="pytest tests"><testsuite name="pytest" errors="0" failures="0" skipped="0" tests="21" time="18.753" timestamp="2026-04-18T18:49:27.470130+00:00" hostname="agent-env-c78537b0-0614-4ab3-9615-339e7b94a432"><testcase classname="tests.test_creatorhub_api.TestAuth" name="test_login_all_seeded_users" time="1.343" /><testcase classname="tests.test_creatorhub_api.TestAuth" name="test_login_invalid" time="0.329" /><testcase classname="tests.test_creatorhub_api.TestAuth" name="test_signup_new_workspace" time="0.446" /><testcase classname="tests.test_creatorhub_api.TestAuth" name="test_refresh" time="0.102" /><testcase classname="tests.test_creatorhub_api.TestAuth" name="test_me" time="0.099" /><testcase classname="tests.test_creatorhub_api.TestAuth" name="test_change_password_requires_current_for_normal_user" time="0.107" /><testcase classname="tests.test_creatorhub_api.TestDashboard" name="test_dashboard_owner" time="0.233" /><testcase classname="tests.test_creatorhub_api.TestAnalytics" name="test_analytics" time="0.109" /><testcase classname="tests.test_creatorhub_api.TestAnalytics" name="test_analytics_posts_paginate_sort_search" time="0.335" /><testcase classname="tests.test_creatorhub_api.TestAnalytics" name="test_audience" time="0.108" /><testcase classname="tests.test_creatorhub_api.TestTasksCalendarSync" name="test_full_task_lifecycle" time="0.751" /><testcase classname="tests.test_creatorhub_api.TestTeam" name="test_team_list" time="0.106" /><testcase classname="tests.test_creatorhub_api.TestTeam" name="test_team_permissions_catalog" time="0.104" /><testcase classname="tests.test_creatorhub_api.TestTeam" name="test_invite_update_delete" time="0.717" /><testcase classname="tests.test_creatorhub_api.TestPermissionsEnforcement" name="test_tom_scheduler_denials" time="0.822" /><testcase classname="tests.test_creatorhub_api.TestPermissionsEnforcement" name="test_priya_analyst_denials" time="0.671" /><testcase classname="tests.test_creatorhub_api.TestPermissionsEnforcement" name="test_marcus_editor_allowed" time="0.344" /><testcase classname="tests.test_creatorhub_api.TestDealsConnections" name="test_deals" time="0.102" /><testcase classname="tests.test_creatorhub_api.TestDealsConnections" name="test_connection_flow" time="0.339" /><testcase classname="tests.test_creatorhub_api.TestInsights" name="test_score" time="0.115" /><testcase classname="tests.test_creatorhub_api.TestInsights" name="test_insights" time="11.363" /></testsuite></testsuites>