<?xml version="1.0" encoding="utf-8"?><testsuites name="pytest tests"><testsuite name="pytest" errors="0" failures="0" skipped="0" tests="21" time="19.060" timestamp="2026-04-18T22:27:26.836245+00:00" hostname="agent-env-c78537b0-0614-4ab3-9615-339e7b94a432"><testcase classname="backend.tests.test_creatorhub_api.TestAuth" name="test_login_all_seeded_users" time="1.377" /><testcase classname="backend.tests.test_creatorhub_api.TestAuth" name="test_login_invalid" time="0.364" /><testcase classname="backend.tests.test_creatorhub_api.TestAuth" name="test_signup_new_workspace" time="0.444" /><testcase classname="backend.tests.test_creatorhub_api.TestAuth" name="test_refresh" time="0.102" /><testcase classname="backend.tests.test_creatorhub_api.TestAuth" name="test_me" time="0.109" /><testcase classname="backend.tests.test_creatorhub_api.TestAuth" name="test_change_password_requires_current_for_normal_user" time="0.124" /><testcase classname="backend.tests.test_creatorhub_api.TestDashboard" name="test_dashboard_owner" time="0.109" /><testcase classname="backend.tests.test_creatorhub_api.TestAnalytics" name="test_analytics" time="0.120" /><testcase classname="backend.tests.test_creatorhub_api.TestAnalytics" name="test_analytics_posts_paginate_sort_search" time="0.357" /><testcase classname="backend.tests.test_creatorhub_api.TestAnalytics" name="test_audience" time="0.107" /><testcase classname="backend.tests.test_creatorhub_api.TestTasksCalendarSync" name="test_full_task_lifecycle" time="0.772" /><testcase classname="backend.tests.test_creatorhub_api.TestTeam" name="test_team_list" time="0.102" /><testcase classname="backend.tests.test_creatorhub_api.TestTeam" name="test_team_permissions_catalog" time="0.118" /><testcase classname="backend.tests.test_creatorhub_api.TestTeam" name="test_invite_update_delete" time="0.704" /><testcase classname="backend.tests.test_creatorhub_api.TestPermissionsEnforcement" name="test_tom_scheduler_denials" time="0.918" /><testcase classname="backend.tests.test_creatorhub_api.TestPermissionsEnforcement" name="test_priya_analyst_denials" time="0.754" /><testcase classname="backend.tests.test_creatorhub_api.TestPermissionsEnforcement" name="test_marcus_editor_allowed" time="0.330" /><testcase classname="backend.tests.test_creatorhub_api.TestDealsConnections" name="test_deals" time="0.121" /><testcase classname="backend.tests.test_creatorhub_api.TestDealsConnections" name="test_connection_flow" time="0.369" /><testcase classname="backend.tests.test_creatorhub_api.TestInsights" name="test_score" time="0.116" /><testcase classname="backend.tests.test_creatorhub_api.TestInsights" name="test_insights" time="11.474" /></testsuite></testsuites>