<?xml version="1.0" encoding="utf-8"?><testsuites name="pytest tests"><testsuite name="pytest" errors="0" failures="0" skipped="0" tests="16" time="4.361" timestamp="2026-04-18T22:27:18.020668+00:00" hostname="agent-env-c78537b0-0614-4ab3-9615-339e7b94a432"><testcase classname="backend.tests.test_v2_endpoints.TestAutomations" name="test_list_automations_seeded" time="1.488" /><testcase classname="backend.tests.test_v2_endpoints.TestAutomations" name="test_create_automation" time="0.233" /><testcase classname="backend.tests.test_v2_endpoints.TestAutomations" name="test_update_automation" time="0.112" /><testcase classname="backend.tests.test_v2_endpoints.TestAutomations" name="test_toggle_automation" time="0.276" /><testcase classname="backend.tests.test_v2_endpoints.TestAutomations" name="test_automation_logs" time="0.112" /><testcase classname="backend.tests.test_v2_endpoints.TestAutomations" name="test_delete_automation" time="0.270" /><testcase classname="backend.tests.test_v2_endpoints.TestAutomationPermissions" name="test_scheduler_403_on_automations" time="0.160" /><testcase classname="backend.tests.test_v2_endpoints.TestAutomationPermissions" name="test_analyst_403_on_automations" time="0.122" /><testcase classname="backend.tests.test_v2_endpoints.TestAutomationPermissions" name="test_editor_200_on_automations" time="0.128" /><testcase classname="backend.tests.test_v2_endpoints.TestAutomationPermissions" name="test_scheduler_can_access_connections" time="0.110" /><testcase classname="backend.tests.test_v2_endpoints.TestAutomationPermissions" name="test_analyst_can_access_connections" time="0.120" /><testcase classname="backend.tests.test_v2_endpoints.TestNavCounts" name="test_owner_nav_counts" time="0.113" /><testcase classname="backend.tests.test_v2_endpoints.TestNavCounts" name="test_any_authed_user_can_access" time="0.358" /><testcase classname="backend.tests.test_v2_endpoints.TestConnectionsExtras" name="test_sync_all" time="0.113" /><testcase classname="backend.tests.test_v2_endpoints.TestConnectionsExtras" name="test_disconnect_alias_and_reconnect" time="0.234" /><testcase classname="backend.tests.test_v2_endpoints.TestDealsWrite" name="test_update_deal_stage_and_notes" time="0.326" /></testsuite></testsuites>